<?xml version="1.0" encoding="UTF-8"?>
<!-- Generated by org.testng.reporters.JUnitReportReporter -->
<testsuite hostname="DESKTOP-1QU3TNE" failures="0" tests="4" name="com.tests.LoginTest" time="6.426" errors="0" timestamp="2024-03-25T18:18:21 IST" skipped="0">
  <testcase classname="com.tests.LoginTest" name="verifyPageTitle" time="0.050"/>
  <system-out/>
  <testcase classname="com.tests.LoginTest" name="verifylogo" time="0.124"/>
  <system-out/>
  <testcase classname="com.tests.LoginTest" name="verifyloginForm" time="0.068"/>
  <system-out/>
  <testcase classname="com.tests.LoginTest" name="clickonCreateAccountbotton" time="6.184"/>
  <system-out/>
</testsuite> <!-- com.tests.LoginTest -->
